Determining if the pthread_create exist failed with the following output:
Change Dir: /home/ubuntu/works/Nexus-Bots/nexus-ros/raspi3b/raspi3b_ws/build/CMakeFiles/CMakeTmp

Run Build Command:"/usr/bin/make" "cmTC_ad86f/fast"
/usr/bin/make -f CMakeFiles/cmTC_ad86f.dir/build.make CMakeFiles/cmTC_ad86f.dir/build
make[1]: Entering directory '/home/ubuntu/works/Nexus-Bots/nexus-ros/raspi3b/raspi3b_ws/build/CMakeFiles/CMakeTmp'
Building C object CMakeFiles/cmTC_ad86f.dir/CheckSymbolExists.c.o
/usr/bin/cc     -o CMakeFiles/cmTC_ad86f.dir/CheckSymbolExists.c.o   -c /home/ubuntu/works/Nexus-Bots/nexus-ros/raspi3b/raspi3b_ws/build/CMakeFiles/CMakeTmp/CheckSymbolExists.c
Linking C executable cmTC_ad86f
/usr/bin/cmake -E cmake_link_script CMakeFiles/cmTC_ad86f.dir/link.txt --verbose=1
/usr/bin/cc       CMakeFiles/cmTC_ad86f.dir/CheckSymbolExists.c.o  -o cmTC_ad86f -rdynamic 
CMakeFiles/cmTC_ad86f.dir/CheckSymbolExists.c.o: In function `main':
CheckSymbolExists.c:(.text+0xe): undefined reference to `pthread_create'
CheckSymbolExists.c:(.text+0x12): undefined reference to `pthread_create'
collect2: error: ld returned 1 exit status
CMakeFiles/cmTC_ad86f.dir/build.make:97: recipe for target 'cmTC_ad86f' failed
make[1]: *** [cmTC_ad86f] Error 1
make[1]: Leaving directory '/home/ubuntu/works/Nexus-Bots/nexus-ros/raspi3b/raspi3b_ws/build/CMakeFiles/CMakeTmp'
Makefile:126: recipe for target 'cmTC_ad86f/fast' failed
make: *** [cmTC_ad86f/fast] Error 2

File /home/ubuntu/works/Nexus-Bots/nexus-ros/raspi3b/raspi3b_ws/build/CMakeFiles/CMakeTmp/CheckSymbolExists.c:
/* */
#include <pthread.h>

int main(int argc, char** argv)
{
  (void)argv;
#ifndef pthread_create
  return ((int*)(&pthread_create))[argc];
#else
  (void)argc;
  return 0;
#endif
}

Determining if the function pthread_create exists in the pthreads failed with the following output:
Change Dir: /home/ubuntu/works/Nexus-Bots/nexus-ros/raspi3b/raspi3b_ws/build/CMakeFiles/CMakeTmp

Run Build Command:"/usr/bin/make" "cmTC_452b3/fast"
/usr/bin/make -f CMakeFiles/cmTC_452b3.dir/build.make CMakeFiles/cmTC_452b3.dir/build
make[1]: Entering directory '/home/ubuntu/works/Nexus-Bots/nexus-ros/raspi3b/raspi3b_ws/build/CMakeFiles/CMakeTmp'
Building C object CMakeFiles/cmTC_452b3.dir/CheckFunctionExists.c.o
/usr/bin/cc    -DCHECK_FUNCTION_EXISTS=pthread_create   -o CMakeFiles/cmTC_452b3.dir/CheckFunctionExists.c.o   -c /usr/share/cmake-3.5/Modules/CheckFunctionExists.c
Linking C executable cmTC_452b3
/usr/bin/cmake -E cmake_link_script CMakeFiles/cmTC_452b3.dir/link.txt --verbose=1
/usr/bin/cc   -DCHECK_FUNCTION_EXISTS=pthread_create    CMakeFiles/cmTC_452b3.dir/CheckFunctionExists.c.o  -o cmTC_452b3 -rdynamic -lpthreads 
/usr/bin/ld: cannot find -lpthreads
collect2: error: ld returned 1 exit status
CMakeFiles/cmTC_452b3.dir/build.make:97: recipe for target 'cmTC_452b3' failed
make[1]: *** [cmTC_452b3] Error 1
make[1]: Leaving directory '/home/ubuntu/works/Nexus-Bots/nexus-ros/raspi3b/raspi3b_ws/build/CMakeFiles/CMakeTmp'
Makefile:126: recipe for target 'cmTC_452b3/fast' failed
make: *** [cmTC_452b3/fast] Error 2


